Beginn: Sa 14. Sep 05:00:01 CEST 2019

Bearbeite Channel für Sender 1 von 36 '3sat'
+ 'Vormittag' + 'Nachmittag' + 'Abend' + 'Nacht' 
- 'Vormittag' - 'Nachmittag' - 'Abend' - 'Nacht' 

Bearbeite Channel für Sender 2 von 36 'ANIXE HD'
+ 'Vormittag' + 'Nachmittag' + 'Abend' + 'Nacht' 
- 'Vormittag' - 'Nachmittag' - 'Abend' - 'Nacht' 

Bearbeite Channel für Sender 3 von 36 'ARD alpha HD'
+ 'Vormittag' + 'Nachmittag' + 'Abend' + 'Nacht' 
- 'Vormittag' - 'Nachmittag' - 'Abend' - 'Nacht' 

Bearbeite Channel für Sender 4 von 36 'arte'
+ 'Vormittag' + 'Nachmittag' + 'Abend' + 'Nacht' 
- 'Vormittag' - 'Nachmittag' - 'Abend' - 'Nacht' 

Bearbeite Channel für Sender 5 von 36 'BR'
+ 'Vormittag' + 'Nachmittag' + 'Abend' + 'Nacht' 
- 'Vormittag' - 'Nachmittag' - 'Abend' - 'Nacht' 

Bearbeite Channel für Sender 6 von 36 'Comedy Central'
+ 'Vormittag' + 'Nachmittag' + 'Abend' + 'Nacht' 
- 'Vormittag' - 'Nachmittag' - 'Abend' - 'Nacht' 

Bearbeite Channel für Sender 7 von 36 'Das Erste'
+ 'Vormittag' + 'Nachmittag' + 'Abend' + 'Nacht' 
- 'Vormittag' - 'Nachmittag' - 'Abend' - 'Nacht' 

Bearbeite Channel für Sender 8 von 36 'DELUXE MUSIC'
+ 'Vormittag' + 'Nachmittag' + 'Abend' + 'Nacht' 
- 'Vormittag' - 'Nachmittag' - 'Abend' - 'Nacht' 

Bearbeite Channel für Sender 9 von 36 'eoTV'
+ 'Vormittag' + 'Nachmittag' + 'Abend' + 'Nacht' 
- 'Vormittag' - 'Nachmittag' - 'Abend' - 'Nacht' 

Bearbeite Channel für Sender 10 von 36 'hr'
+ 'Vormittag' + 'Nachmittag' + 'Abend' + 'Nacht' 
- 'Vormittag' - 'Nachmittag' - 'Abend' - 'Nacht' 

Bearbeite Channel für Sender 11 von 36 'Kabel 1'
+ 'Vormittag' + 'Nachmittag' + 'Abend' + 'Nacht' 
- 'Vormittag' - 'Nachmittag' - 'Abend' - 'Nacht' 

Bearbeite Channel für Sender 12 von 36 'mdr'
+ 'Vormittag' + 'Nachmittag' + 'Abend' + 'Nacht' 
- 'Vormittag' - 'Nachmittag' - 'Abend' - 'Nacht' 

Bearbeite Channel für Sender 13 von 36 'N24 Doku'
+ 'Vormittag' + 'Nachmittag' + 'Abend' + 'Nacht' 
- 'Vormittag' - 'Nachmittag' - 'Abend' - 'Nacht' 

Bearbeite Channel für Sender 14 von 36 'NDR'
+ 'Vormittag' + 'Nachmittag' + 'Abend' + 'Nacht' 
- 'Vormittag' - 'Nachmittag' - 'Abend' - 'Nacht' 

Bearbeite Channel für Sender 15 von 36 'Nickelodeon'
+ 'Vormittag' + 'Nachmittag' + 'Abend' + 'Nacht' 
- 'Vormittag' - 'Nachmittag' - 'Abend' - 'Nacht' 

Bearbeite Channel für Sender 16 von 36 'n-tv'
+ 'Vormittag' + 'Nachmittag' + 'Abend' + 'Nacht' 
- 'Vormittag' - 'Nachmittag' - 'Abend' - 'Nacht' 

Bearbeite Channel für Sender 17 von 36 'ONE HD'
+ 'Vormittag' + 'Nachmittag' + 'Abend' + 'Nacht' 
- 'Vormittag' - 'Nachmittag' - 'Abend' - 'Nacht' 

Bearbeite Channel für Sender 18 von 36 'phoenix'
+ 'Vormittag' + 'Nachmittag' + 'Abend' + 'Nacht' 
- 'Vormittag' - 'Nachmittag' - 'Abend' - 'Nacht' 

Bearbeite Channel für Sender 19 von 36 'ProSieben'
+ 'Vormittag' + 'Nachmittag' + 'Abend' + 'Nacht' 
- 'Vormittag' - 'Nachmittag' - 'Abend' - 'Nacht' 

Bearbeite Channel für Sender 20 von 36 'ProSieben MAXX'
+ 'Vormittag' + 'Nachmittag' + 'Abend' + 'Nacht' 
- 'Vormittag' - 'Nachmittag' - 'Abend' - 'Nacht' 

Bearbeite Channel für Sender 21 von 36 'RBB'
+ 'Vormittag' + 'Nachmittag' + 'Abend' + 'Nacht' 
- 'Vormittag' - 'Nachmittag' - 'Abend' - 'Nacht' 

Bearbeite Channel für Sender 22 von 36 'RTL II'
+ 'Vormittag' + 'Nachmittag' + 'Abend' + 'Nacht' 
- 'Vormittag' - 'Nachmittag' - 'Abend' - 'Nacht' 

Bearbeite Channel für Sender 23 von 36 'SAT.1'
+ 'Vormittag' + 'Nachmittag' + 'Abend' + 'Nacht' 
- 'Vormittag' - 'Nachmittag' - 'Abend' - 'Nacht' 

Bearbeite Channel für Sender 24 von 36 'SAT.1 Gold'
+ 'Vormittag' + 'Nachmittag' + 'Abend' + 'Nacht' 
- 'Vormittag' - 'Nachmittag' - 'Abend' - 'Nacht' 

Bearbeite Channel für Sender 25 von 36 'ServusTV'
+ 'Vormittag' + 'Nachmittag' + 'Abend' + 'Nacht' 
- 'Vormittag' - 'Nachmittag' - 'Abend' - 'Nacht' 

Bearbeite Channel für Sender 26 von 36 'sixx'
+ 'Vormittag' + 'Nachmittag' + 'Abend' + 'Nacht' 
- 'Vormittag' - 'Nachmittag' - 'Abend' - 'Nacht' 

Bearbeite Channel für Sender 27 von 36 'SUPER RTL'
+ 'Vormittag' + 'Nachmittag' + 'Abend' + 'Nacht' 
- 'Vormittag' - 'Nachmittag' - 'Abend' - 'Nacht' 

Bearbeite Channel für Sender 28 von 36 'SWR'
+ 'Vormittag' + 'Nachmittag' + 'Abend' + 'Nacht' 
- 'Vormittag' - 'Nachmittag' - 'Abend' - 'Nacht' 

Bearbeite Channel für Sender 29 von 36 'tagesschau24'
+ 'Vormittag' + 'Nachmittag' + 'Abend' + 'Nacht' 
- 'Vormittag' - 'Nachmittag' - 'Abend' - 'Nacht' 

Bearbeite Channel für Sender 30 von 36 'Tele 5'
+ 'Vormittag' + 'Nachmittag' + 'Abend' + 'Nacht' 
- 'Vormittag' - 'Nachmittag' - 'Abend' - 'Nacht' 

Bearbeite Channel für Sender 31 von 36 'VOX'
+ 'Vormittag' + 'Nachmittag' + 'Abend' + 'Nacht' 
- 'Vormittag' - 'Nachmittag' - 'Abend' - 'Nacht' 

Bearbeite Channel für Sender 32 von 36 'WDR'
+ 'Vormittag' + 'Nachmittag' + 'Abend' + 'Nacht' 
- 'Vormittag' - 'Nachmittag' - 'Abend' - 'Nacht' 

Bearbeite Channel für Sender 33 von 36 'WELT'
+ 'Vormittag' + 'Nachmittag' + 'Abend' + 'Nacht' 
- 'Vormittag' - 'Nachmittag' - 'Abend' - 'Nacht' 

Bearbeite Channel für Sender 34 von 36 'ZDF'
+ 'Vormittag' + 'Nachmittag' + 'Abend' + 'Nacht' 
- 'Vormittag' - 'Nachmittag' - 'Abend' - 'Nacht' 

Bearbeite Channel für Sender 35 von 36 'zdf_neo'
+ 'Vormittag' + 'Nachmittag' + 'Abend' + 'Nacht' 
- 'Vormittag' - 'Nachmittag' - 'Abend' - 'Nacht' 

Bearbeite Channel für Sender 36 von 36 'zdfinfo'
+ 'Vormittag' + 'Nachmittag' + 'Abend' + 'Nacht' 
- 'Vormittag' - 'Nachmittag' - 'Abend' - 'Nacht' 
Programmierte Sendungen beim letzten Lauf: 8639 aktuell: 8692 Delta: 53
Ende: Sa 14. Sep 05:10:14 CEST 2019